#
# A fatal error has been detected by the Java Runtime Environment:
#
#  EXCEPTION_ACCESS_VIOLATION (0xc0000005) at pc=0x0000000058048f53, pid=7016, tid=8556
#
# JRE version: Java(TM) SE Runtime Environment (8.0_91-b14) (build 1.8.0_91-b14)
# Java VM: Java HotSpot(TM) 64-Bit Server VM (25.91-b14 mixed mode windows-amd64 compressed oops)
# Problematic frame:
# V  [jvm.dll+0x128f53]
#
# Failed to write core dump. Minidumps are not enabled by default on client versions of Windows
#
# If you would like to submit a bug report, please visit:
#   http://bugreport.java.com/bugreport/crash.jsp
#

---------------  T H R E A D  ---------------

Current thread (0x000000001bcd7000):  JavaThread "JDWP Transport Listener: dt_socket" daemon [_thread_in_vm, id=8556, stack(0x000000001d6b0000,0x000000001d7b0000)]

siginfo: ExceptionCode=0xc0000005, reading address 0xffffffffffffffff

Registers:
RAX=0x000000001d7af401, RBX=0x0f00000000000000, RCX=0x000000001bce1a20, RDX=0x0000000000000000
RSP=0x000000001d7af3e0, RBP=0x000000001bce1a20, RSI=0x000000001d7af4f8, RDI=0x0000000004bc8a20
R8 =0x000000001bcd7000, R9 =0x0000000000008000, R10=0x000000001e57c010, R11=0x000000001d7af6d2
R12=0x0000000000000000, R13=0x000000001bce3008, R14=0x0000000000000000, R15=0x0000000000000000
RIP=0x0000000058048f53, EFLAGS=0x0000000000010216

Top of Stack: (sp=0x000000001d7af3e0)
0x000000001d7af3e0:   000000001bcd7000 000000001bcd7000
0x000000001d7af3f0:   000000001d7af4a8 000000005824f32b
0x000000001d7af400:   000000001bcd7000 000000005826bb8d
0x000000001d7af410:   000000000000003f 00000000590e9155
0x000000001d7af420:   000000001bcf8118 00000000590f291e
0x000000001d7af430:   000000001bcd7000 0000000000000000
0x000000001d7af440:   0000000000000000 0000000000000000
0x000000001d7af450:   000000001bce1a20 00000000590f1a15
0x000000001d7af460:   000000001d7af4f8 000000001d7af4d0
0x000000001d7af470:   0000000000000001 000000001bcf8118
0x000000001d7af480:   000000001bce1a20 00000000590d53b3
0x000000001d7af490:   000000001d7af5c0 0000000000000001
0x000000001d7af4a0:   0000000000000001 000000001bcf8118
0x000000001d7af4b0:   0000000000000001 0000000000000000
0x000000001d7af4c0:   0000000000000000 0000000000000000
0x000000001d7af4d0:   0000000000000001 00000000590d5571 

Instructions: (pc=0x0000000058048f53)
0x0000000058048f33:   28 48 85 c9 75 07 33 c0 48 83 c4 28 c3 48 89 5c
0x0000000058048f43:   24 20 48 8b 19 48 85 db 74 20 48 83 fb 37 74 1a
0x0000000058048f53:   48 8b 13 48 8b cb ff 52 10 84 c0 74 0d 48 8b c3
0x0000000058048f63:   48 8b 5c 24 20 48 83 c4 28 c3 33 c0 48 8b 5c 24 


Register to memory mapping:

RAX=0x000000001d7af401 is pointing into the stack for thread: 0x000000001bcd7000
RBX=0x0f00000000000000 is an unknown value
RCX=0x000000001bce1a20 is an unknown value
RDX=0x0000000000000000 is an unknown value
RSP=0x000000001d7af3e0 is pointing into the stack for thread: 0x000000001bcd7000
RBP=0x000000001bce1a20 is an unknown value
RSI=0x000000001d7af4f8 is pointing into the stack for thread: 0x000000001bcd7000
RDI=0x0000000004bc8a20 is an unknown value
R8 =0x000000001bcd7000 is a thread
R9 =0x0000000000008000 is an unknown value
R10=0x000000001e57c010 is an unknown value
R11=0x000000001d7af6d2 is pointing into the stack for thread: 0x000000001bcd7000
R12=0x0000000000000000 is an unknown value
R13=0x000000001bce3008 is an unknown value
R14=0x0000000000000000 is an unknown value
R15=0x0000000000000000 is an unknown value


Stack: [0x000000001d6b0000,0x000000001d7b0000],  sp=0x000000001d7af3e0,  free space=1020k
Native frames: (J=compiled Java code, j=interpreted, Vv=VM code, C=native code)
V  [jvm.dll+0x128f53]
V  [jvm.dll+0x34bb8d]
C  [jdwp.dll+0x21a15]
C  [jdwp.dll+0x53b3]
C  [jdwp.dll+0x5571]
C  [jdwp.dll+0xf0a8]
C  [jdwp.dll+0x1f2d5]
C  [jdwp.dll+0x1f4aa]
V  [jvm.dll+0x1bbf38]
V  [jvm.dll+0x243ae4]
V  [jvm.dll+0x29a99a]
C  [msvcr100.dll+0x21d9f]
C  [msvcr100.dll+0x21e3b]
C  [KERNEL32.DLL+0x11fe4]
C  [ntdll.dll+0x6efb1]


---------------  P R O C E S S  ---------------

Java Threads: ( => current thread )
  0x000000001dd0f800 JavaThread "Service Thread" daemon [_thread_blocked, id=6512, stack(0x000000001e0b0000,0x000000001e1b0000)]
  0x000000001bcfb000 JavaThread "C1 CompilerThread2" daemon [_thread_blocked, id=10908, stack(0x000000001dbb0000,0x000000001dcb0000)]
  0x000000001bcfa000 JavaThread "C2 CompilerThread1" daemon [_thread_blocked, id=11556, stack(0x000000001dab0000,0x000000001dbb0000)]
  0x000000001bcf5000 JavaThread "C2 CompilerThread0" daemon [_thread_blocked, id=8512, stack(0x000000001d9b0000,0x000000001dab0000)]
  0x000000001bce9000 JavaThread "JDWP Command Reader" daemon [_thread_in_native, id=9048, stack(0x000000001d8b0000,0x000000001d9b0000)]
  0x000000001bce7800 JavaThread "JDWP Event Helper Thread" daemon [_thread_blocked, id=10740, stack(0x000000001d7b0000,0x000000001d8b0000)]
=>0x000000001bcd7000 JavaThread "JDWP Transport Listener: dt_socket" daemon [_thread_in_vm, id=8556, stack(0x000000001d6b0000,0x000000001d7b0000)]
  0x000000001bcce000 JavaThread "Attach Listener" daemon [_thread_blocked, id=2512, stack(0x000000001d270000,0x000000001d370000)]
  0x000000001bccc000 JavaThread "Signal Dispatcher" daemon [_thread_blocked, id=3100, stack(0x000000001d170000,0x000000001d270000)]
  0x000000001bcba800 JavaThread "Finalizer" daemon [_thread_blocked, id=11512, stack(0x000000001cf50000,0x000000001d050000)]
  0x0000000004cc1000 JavaThread "Reference Handler" daemon [_thread_blocked, id=7564, stack(0x000000001ce50000,0x000000001cf50000)]
  0x0000000004bd3000 JavaThread "main" [_thread_blocked, id=11752, stack(0x0000000004a20000,0x0000000004b20000)]

Other Threads:
  0x000000001bc97800 VMThread [stack: 0x000000001cd50000,0x000000001ce50000] [id=10224]
  0x000000001dd15000 WatcherThread [stack: 0x000000001e1b0000,0x000000001e2b0000] [id=10076]

VM state:not at safepoint (normal execution)

VM Mutex/Monitor currently owned by a thread: None

Heap:
 PSYoungGen      total 56832K, used 18727K [0x0000000780d80000, 0x0000000784c80000, 0x00000007c0000000)
  eden space 49152K, 38% used [0x0000000780d80000,0x0000000781fc9c70,0x0000000783d80000)
  from space 7680K, 0% used [0x0000000784500000,0x0000000784500000,0x0000000784c80000)
  to   space 7680K, 0% used [0x0000000783d80000,0x0000000783d80000,0x0000000784500000)
 ParOldGen       total 130048K, used 0K [0x0000000702800000, 0x000000070a700000, 0x0000000780d80000)
  object space 130048K, 0% used [0x0000000702800000,0x0000000702800000,0x000000070a700000)
 Metaspace       used 6511K, capacity 7232K, committed 7296K, reserved 1056768K
  class space    used 820K, capacity 880K, committed 896K, reserved 1048576K

Card table byte_map: [0x0000000014090000,0x0000000014680000] byte_map_base: 0x000000001087c000

Marking Bits: (ParMarkBitMap*) 0x0000000058732f70
 Begin Bits: [0x0000000014e80000, 0x0000000017de0000)
 End Bits:   [0x0000000017de0000, 0x000000001ad40000)

Polling page: 0x0000000003190000

CodeCache: size=245760Kb used=2245Kb max_used=2258Kb free=243514Kb
 bounds [0x0000000004cd0000, 0x0000000004f40000, 0x0000000013cd0000]
 total_blobs=703 nmethods=438 adapters=186
 compilation: enabled

Compilation events (10 events):
Event: 0.541 Thread 0x000000001bcfb000  433   !   3       java.util.jar.JarFile$JarFileEntry::getCodeSigners (78 bytes)
Event: 0.541 Thread 0x000000001bcfb000 nmethod 433 0x0000000004f00e90 code [0x0000000004f01060, 0x0000000004f01698]
Event: 0.542 Thread 0x000000001bcfb000  434       3       java.util.jar.JarFile::access$200 (5 bytes)
Event: 0.542 Thread 0x000000001bcfb000 nmethod 434 0x0000000004ef7e50 code [0x0000000004ef7fc0, 0x0000000004ef8148]
Event: 0.543 Thread 0x000000001bcfb000  436       3       java.lang.Long::<init> (10 bytes)
Event: 0.543 Thread 0x000000001bcfb000 nmethod 436 0x0000000004f01910 code [0x0000000004f01a80, 0x0000000004f01c90]
Event: 0.548 Thread 0x000000001bcf5000  437       4       java.lang.String::indexOf (166 bytes)
Event: 0.551 Thread 0x000000001bcfb000  438       3       com.google.common.base.Preconditions::checkNotNull (14 bytes)
Event: 0.551 Thread 0x000000001bcfb000 nmethod 438 0x0000000004f01d90 code [0x0000000004f01f00, 0x0000000004f02128]
Event: 0.554 Thread 0x000000001bcf5000 nmethod 437 0x0000000004f053d0 code [0x0000000004f05520, 0x0000000004f05ad8]

GC Heap History (0 events):
No events

Deoptimization events (4 events):
Event: 0.275 Thread 0x0000000004bd3000 Uncommon trap: reason=unstable_if action=reinterpret pc=0x0000000004e3cfd4 method=sun.misc.URLClassPath.getLoader(I)Lsun/misc/URLClassPath$Loader; @ 36
Event: 0.348 Thread 0x0000000004bd3000 Uncommon trap: reason=unstable_if action=reinterpret pc=0x0000000004e51fdc method=sun.misc.MetaIndex.mayContain(Ljava/lang/String;)Z @ 13
Event: 0.348 Thread 0x0000000004bd3000 Uncommon trap: reason=unstable_if action=reinterpret pc=0x0000000004e4477c method=sun.misc.MetaIndex.mayContain(Ljava/lang/String;)Z @ 13
Event: 0.462 Thread 0x0000000004bd3000 Uncommon trap: reason=unstable_if action=reinterpret pc=0x0000000004e32294 method=java.lang.String.indexOf([CII[CIII)I @ 134

Internal exceptions (10 events):
Event: 0.367 Thread 0x0000000004bd3000 Exception <a 'java/lang/ArrayIndexOutOfBoundsException'> (0x0000000781822b00) thrown at [C:\re\workspace\8-2-build-windows-amd64-cygwin\jdk8u91\6644\hotspot\src\share\vm\runtime\sharedRuntime.cpp, line 605]
Event: 0.367 Thread 0x0000000004bd3000 Exception <a 'java/lang/ArrayIndexOutOfBoundsException'> (0x0000000781824540) thrown at [C:\re\workspace\8-2-build-windows-amd64-cygwin\jdk8u91\6644\hotspot\src\share\vm\runtime\sharedRuntime.cpp, line 605]
Event: 0.367 Thread 0x0000000004bd3000 Exception <a 'java/lang/ArrayIndexOutOfBoundsException'> (0x0000000781825958) thrown at [C:\re\workspace\8-2-build-windows-amd64-cygwin\jdk8u91\6644\hotspot\src\share\vm\runtime\sharedRuntime.cpp, line 605]
Event: 0.367 Thread 0x0000000004bd3000 Exception <a 'java/lang/ArrayIndexOutOfBoundsException'> (0x0000000781826e38) thrown at [C:\re\workspace\8-2-build-windows-amd64-cygwin\jdk8u91\6644\hotspot\src\share\vm\runtime\sharedRuntime.cpp, line 605]
Event: 0.368 Thread 0x0000000004bd3000 Exception <a 'java/lang/ArrayIndexOutOfBoundsException'> (0x0000000781828618) thrown at [C:\re\workspace\8-2-build-windows-amd64-cygwin\jdk8u91\6644\hotspot\src\share\vm\runtime\sharedRuntime.cpp, line 605]
Event: 0.368 Thread 0x0000000004bd3000 Exception <a 'java/lang/ArrayIndexOutOfBoundsException'> (0x00000007818291b8) thrown at [C:\re\workspace\8-2-build-windows-amd64-cygwin\jdk8u91\6644\hotspot\src\share\vm\runtime\sharedRuntime.cpp, line 605]
Event: 0.368 Thread 0x0000000004bd3000 Exception <a 'java/lang/ArrayIndexOutOfBoundsException'> (0x000000078182b1e8) thrown at [C:\re\workspace\8-2-build-windows-amd64-cygwin\jdk8u91\6644\hotspot\src\share\vm\runtime\sharedRuntime.cpp, line 605]
Event: 0.368 Thread 0x0000000004bd3000 Exception <a 'java/lang/ArrayIndexOutOfBoundsException'> (0x000000078182c6d8) thrown at [C:\re\workspace\8-2-build-windows-amd64-cygwin\jdk8u91\6644\hotspot\src\share\vm\runtime\sharedRuntime.cpp, line 605]
Event: 0.368 Thread 0x0000000004bd3000 Exception <a 'java/lang/ArrayIndexOutOfBoundsException'> (0x000000078182dd60) thrown at [C:\re\workspace\8-2-build-windows-amd64-cygwin\jdk8u91\6644\hotspot\src\share\vm\runtime\sharedRuntime.cpp, line 605]
Event: 0.368 Thread 0x0000000004bd3000 Exception <a 'java/lang/ArrayIndexOutOfBoundsException'> (0x000000078182f1c8) thrown at [C:\re\workspace\8-2-build-windows-amd64-cygwin\jdk8u91\6644\hotspot\src\share\vm\runtime\sharedRuntime.cpp, line 605]

Events (10 events):
Event: 0.555 Thread 0x0000000004bd3000 DEOPT PACKING pc=0x0000000004e1ec1c sp=0x0000000004b1e240
Event: 0.555 Thread 0x0000000004bd3000 DEOPT UNPACKING pc=0x0000000004d1787f sp=0x0000000004b1e060 mode 1
Event: 0.708 Executing VM operation: GetOrSetLocal
Event: 0.708 Executing VM operation: GetOrSetLocal done
Event: 0.725 Executing VM operation: GetOrSetLocal
Event: 0.725 Executing VM operation: GetOrSetLocal done
Event: 4.135 Executing VM operation: EnableBiasedLocking
Event: 4.136 Executing VM operation: EnableBiasedLocking done
Event: 41.599 Executing VM operation: RedefineClasses
Event: 41.601 Executing VM operation: RedefineClasses done


Dynamic libraries:
0x00007ff7017a0000 - 0x00007ff7017d7000 	C:\Program Files\Java\jre1.8.0_91\bin\javaw.exe
0x00007ffc5dcb0000 - 0x00007ffc5de90000 	C:\WINDOWS\SYSTEM32\ntdll.dll
0x00007ffc5d710000 - 0x00007ffc5d7be000 	C:\WINDOWS\System32\KERNEL32.DLL
0x00007ffc5a910000 - 0x00007ffc5ab76000 	C:\WINDOWS\System32\KERNELBASE.dll
0x00007ffc5b5e0000 - 0x00007ffc5b681000 	C:\WINDOWS\System32\ADVAPI32.dll
0x00007ffc5b180000 - 0x00007ffc5b21d000 	C:\WINDOWS\System32\msvcrt.dll
0x00007ffc5d6b0000 - 0x00007ffc5d70b000 	C:\WINDOWS\System32\sechost.dll
0x00007ffc5db60000 - 0x00007ffc5dc7f000 	C:\WINDOWS\System32\RPCRT4.dll
0x00007ffc5b450000 - 0x00007ffc5b5df000 	C:\WINDOWS\System32\USER32.dll
0x00007ffc5ab80000 - 0x00007ffc5aba0000 	C:\WINDOWS\System32\win32u.dll
0x00007ffc5b280000 - 0x00007ffc5b2a8000 	C:\WINDOWS\System32\GDI32.dll
0x00007ffc5aba0000 - 0x00007ffc5ad33000 	C:\WINDOWS\System32\gdi32full.dll
0x00007ffc5ae40000 - 0x00007ffc5aedb000 	C:\WINDOWS\System32\msvcp_win.dll
0x00007ffc5ad40000 - 0x00007ffc5ae36000 	C:\WINDOWS\System32\ucrtbase.dll
0x00007ffc4e840000 - 0x00007ffc4eaa9000 	C:\WINDOWS\WinSxS\amd64_microsoft.windows.common-controls_6595b64144ccf1df_6.0.16299.192_none_15c8cdae9364c23b\COMCTL32.dll
0x00007ffc5b890000 - 0x00007ffc5bb98000 	C:\WINDOWS\System32\combase.dll
0x00007ffc5b100000 - 0x00007ffc5b172000 	C:\WINDOWS\System32\bcryptPrimitives.dll
0x00007ffc5d9c0000 - 0x00007ffc5d9ed000 	C:\WINDOWS\System32\IMM32.DLL
0x0000000057e40000 - 0x0000000057f12000 	C:\Program Files\Java\jre1.8.0_91\bin\msvcr100.dll
0x0000000057f20000 - 0x00000000587b3000 	C:\Program Files\Java\jre1.8.0_91\bin\server\jvm.dll
0x00007ffc5d9f0000 - 0x00007ffc5d9f8000 	C:\WINDOWS\System32\PSAPI.DLL
0x00007ffc58cb0000 - 0x00007ffc58cb9000 	C:\WINDOWS\SYSTEM32\WSOCK32.dll
0x00007ffc525e0000 - 0x00007ffc525ea000 	C:\WINDOWS\SYSTEM32\VERSION.dll
0x00007ffc56fe0000 - 0x00007ffc57003000 	C:\WINDOWS\SYSTEM32\WINMM.dll
0x00007ffc5d840000 - 0x00007ffc5d8ac000 	C:\WINDOWS\System32\WS2_32.dll
0x00007ffc56f80000 - 0x00007ffc56faa000 	C:\WINDOWS\SYSTEM32\WINMMBASE.dll
0x00007ffc5aee0000 - 0x00007ffc5af2a000 	C:\WINDOWS\System32\cfgmgr32.dll
0x00000000591e0000 - 0x00000000591ef000 	C:\Program Files\Java\jre1.8.0_91\bin\verify.dll
0x00000000591b0000 - 0x00000000591d9000 	C:\Program Files\Java\jre1.8.0_91\bin\java.dll
0x00000000590d0000 - 0x0000000059105000 	C:\Program Files\Java\jre1.8.0_91\bin\jdwp.dll
0x0000000059200000 - 0x0000000059208000 	C:\Program Files\Java\jre1.8.0_91\bin\npt.dll
0x0000000059190000 - 0x00000000591a6000 	C:\Program Files\Java\jre1.8.0_91\bin\zip.dll
0x00007ffc5c270000 - 0x00007ffc5d6a6000 	C:\WINDOWS\System32\SHELL32.dll
0x00007ffc5b690000 - 0x00007ffc5b736000 	C:\WINDOWS\System32\shcore.dll
0x00007ffc5a160000 - 0x00007ffc5a8a7000 	C:\WINDOWS\System32\windows.storage.dll
0x00007ffc5bff0000 - 0x00007ffc5c041000 	C:\WINDOWS\System32\shlwapi.dll
0x00007ffc5a090000 - 0x00007ffc5a0a1000 	C:\WINDOWS\System32\kernel.appcore.dll
0x00007ffc5a000000 - 0x00007ffc5a04c000 	C:\WINDOWS\System32\powrprof.dll
0x00007ffc5a070000 - 0x00007ffc5a08b000 	C:\WINDOWS\System32\profapi.dll
0x00000000591f0000 - 0x00000000591f9000 	C:\Program Files\Java\jre1.8.0_91\bin\dt_socket.dll
0x00007ffc51980000 - 0x00007ffc51996000 	C:\WINDOWS\system32\napinsp.dll
0x00007ffc51960000 - 0x00007ffc5197a000 	C:\WINDOWS\system32\pnrpnsp.dll
0x00007ffc55dd0000 - 0x00007ffc55de8000 	C:\WINDOWS\system32\NLAapi.dll
0x00007ffc59890000 - 0x00007ffc598f6000 	C:\WINDOWS\System32\mswsock.dll
0x00007ffc59660000 - 0x00007ffc59716000 	C:\WINDOWS\SYSTEM32\DNSAPI.dll
0x00007ffc5da00000 - 0x00007ffc5da08000 	C:\WINDOWS\System32\NSI.dll
0x00007ffc59620000 - 0x00007ffc59659000 	C:\WINDOWS\SYSTEM32\IPHLPAPI.DLL
0x00007ffc55eb0000 - 0x00007ffc55ebe000 	C:\WINDOWS\System32\winrnr.dll
0x00007ffc307c0000 - 0x00007ffc307d5000 	C:\WINDOWS\System32\wshbth.dll
0x0000000058b20000 - 0x0000000058b46000 	C:\Program Files\Bonjour\mdnsNSP.dll
0x00007ffc4d280000 - 0x00007ffc4d2f0000 	C:\WINDOWS\System32\fwpuclnt.dll
0x00007ffc59b60000 - 0x00007ffc59b85000 	C:\WINDOWS\SYSTEM32\bcrypt.dll
0x00007ffc4d020000 - 0x00007ffc4d02a000 	C:\Windows\System32\rasadhlp.dll
0x00007ffc58ac0000 - 0x00007ffc58c88000 	C:\WINDOWS\SYSTEM32\dbghelp.dll

VM Arguments:
jvm_args: -agentlib:jdwp=transport=dt_socket,suspend=y,address=localhost:56265 -Dfile.encoding=Cp1252 
java_command: lambda3.Main
java_class_path (initial): C:\Program Files\Java\jre1.8.0_91\lib\resources.jar;C:\Program Files\Java\jre1.8.0_91\lib\rt.jar;C:\Program Files\Java\jre1.8.0_91\lib\jsse.jar;C:\Program Files\Java\jre1.8.0_91\lib\jce.jar;C:\Program Files\Java\jre1.8.0_91\lib\charsets.jar;C:\Program Files\Java\jre1.8.0_91\lib\jfr.jar;C:\Program Files\Java\jre1.8.0_91\lib\ext\access-bridge-64.jar;C:\Program Files\Java\jre1.8.0_91\lib\ext\cldrdata.jar;C:\Program Files\Java\jre1.8.0_91\lib\ext\dnsns.jar;C:\Program Files\Java\jre1.8.0_91\lib\ext\dns_sd.jar;C:\Program Files\Java\jre1.8.0_91\lib\ext\jaccess.jar;C:\Program Files\Java\jre1.8.0_91\lib\ext\jfxrt.jar;C:\Program Files\Java\jre1.8.0_91\lib\ext\localedata.jar;C:\Program Files\Java\jre1.8.0_91\lib\ext\nashorn.jar;C:\Program Files\Java\jre1.8.0_91\lib\ext\sunec.jar;C:\Program Files\Java\jre1.8.0_91\lib\ext\sunjce_provider.jar;C:\Program Files\Java\jre1.8.0_91\lib\ext\sunmscapi.jar;C:\Program Files\Java\jre1.8.0_91\lib\ext\sunpkcs11.jar;C:\Program Files\Java\jre1.8.0_91\lib\ext\zipfs.jar;C:\Users\machi\git\courses\lambda3\target\classes;C:\Users\machi\.m2\repository\com\google\guava\guava\23.6-jre\guava-23.6-jre.jar;C:\Users\machi\.m2\repository\com\google\code\findbugs\jsr305\1.3.9\jsr305-1.3.9.jar;C:\Users\machi\.m2\repository\org\checkerframework\checker-compat-qual\2.0.0\checker-compat-qual-2.0.0.jar;C:\Users\machi\.m2\repository\com\google\errorprone\error_prone_annotations\2.1.3\error_prone_annotations-2.1.3.jar;C:\Users\machi\.m2\repository\com\google\j2objc\j2objc-annotations\1.1\j2objc-annotations-1.1.jar;C:\Users\machi\.m2\repository\org\codehaus\mojo\animal-sniffer-annotations\1.14\animal-sniffer-annotations-1.14.jar;C:\Users\machi\.m2\repository\org\json\json\20171018\json-20171018.jar;C:\Users\machi\.m2\repository\com\google\inject\guice\4.0\guice-4.0.jar;C:\Users\machi\.m2\repository\javax\inject\javax.inject\1\javax.inject-1.jar;C:\Users\machi\.m2\repository\aopalliance\aopalliance\1.0\aopalliance-1.0.jar
Launcher Type: SUN_STANDARD

Environment Variables:
JAVA_HOME=C:\Program Files\Java\jdk1.8.0_91
PATH=C:/Program Files/Java/jre1.8.0_91/bin/server;C:/Program Files/Java/jre1.8.0_91/bin;C:/Program Files/Java/jre1.8.0_91/lib/amd64;C:\ProgramData\Oracle\Java\javapath;C:\Program Files (x86)\Intel\iCLS Client\;C:\Program Files\Intel\iCLS Client\;C:\windows\system32;C:\windows;C:\windows\System32\Wbem;C:\windows\System32\WindowsPowerShell\v1.0\;C:\Program Files (x86)\Intel\Intel(R) Management Engine Components\DAL;C:\Program Files\Intel\Intel(R) Management Engine Components\DAL;C:\Program Files (x86)\Intel\Intel(R) Management Engine Components\IPT;C:\Program Files\Intel\Intel(R) Management Engine Components\IPT;C:\Program Files (x86)\NVIDIA Corporation\PhysX\Common;C:\Program Files\Git\cmd;C:\Program Files\TortoiseGit\bin;C:\WINDOWS\system32\config\systemprofile\.dnx\bin;C:\Program Files\Microsoft DNX\Dnvm\;C:\Program Files\Microsoft SQL Server\130\Tools\Binn\;C:\Program Files\Dart\dart-sdk\bin;C:\Program Files (x86)\GtkSharp\2.12\bin;C:\WINDOWS\system32;C:\WINDOWS;C:\WINDOWS\System32\Wbem;C:\WINDOWS\System32\WindowsPowerShell\v1.0\;C:\dev\apache-maven-3.3.9-bin\bin;C:\Program Files\Java\jdk1.8.0_91;C:\Program Files (x86)\PuTTY\;C:\Python27;C:\Program Files (x86)\Common Files\Acronis\VirtualFile\;C:\Program Files (x86)\Common Files\Acronis\VirtualFile64\;C:\Program Files (x86)\Common Files\Acronis\SnapAPI\;C:\Users\machi\AppData\Local\Microsoft\WindowsApps;;C:\dev\eclipse-java-oxygen-2-win32-x86_64;
USERNAME=machi
OS=Windows_NT
PROCESSOR_IDENTIFIER=Intel64 Family 6 Model 78 Stepping 3, GenuineIntel



---------------  S Y S T E M  ---------------

OS: Windows 10.0 , 64 bit Build 16299 (10.0.16299.15)

CPU:total 4 (2 cores per cpu, 2 threads per core) family 6 model 78 stepping 3, cmov, cx8, fxsr, mmx, sse, sse2, sse3, ssse3, sse4.1, sse4.2, popcnt, avx, avx2, aes, clmul, erms, 3dnowpref, lzcnt, ht, tsc, tscinvbit, bmi1, bmi2, adx

Memory: 4k page, physical 12417888k(6648948k free), swap 20282208k(12610704k free)

vm_info: Java HotSpot(TM) 64-Bit Server VM (25.91-b14) for windows-amd64 JRE (1.8.0_91-b14), built on Apr  1 2016 00:58:32 by "java_re" with MS VC++ 10.0 (VS2010)

time: Sun Jan 21 17:59:37 2018
elapsed time: 41 seconds (0d 0h 0m 41s)

